<?xml version="1.0" encoding="UTF-8"?>
<!-- Generated by org.testng.reporters.JUnitReportReporter -->
<testsuite skipped="0" hostname="Ria" name="testCase.MergeLeadTest" tests="1" failures="0" timestamp="2022-08-31T04:20:51 IST" time="49.631" errors="0">
  <testcase name="runMergeLead" time="49.631" classname="testCase.MergeLeadTest"/>
  <system-out/>
</testsuite> <!-- testCase.MergeLeadTest -->
