<?xml version="1.0" encoding="UTF-8"?>
<!-- Generated by org.testng.reporters.JUnitReportReporter -->
<testsuite skipped="0" hostname="Ria" name="testCase.LoginTest" tests="2" failures="0" timestamp="2022-08-31T04:20:51 IST" time="25.647" errors="0">
  <testcase name="runLogin" time="11.661" classname="testCase.LoginTest"/>
  <system-out/>
  <testcase name="runLogin" time="13.986" classname="testCase.LoginTest"/>
  <system-out/>
</testsuite> <!-- testCase.LoginTest -->
