<?xml version="1.0" encoding="UTF-8"?>
<!-- Generated by org.testng.reporters.JUnitReportReporter -->
<testsuite skipped="0" hostname="Ria" name="testCase.EditLeadTest" tests="2" failures="0" timestamp="2022-08-31T04:20:51 IST" time="88.258" errors="0">
  <testcase name="runEditLead" time="40.076" classname="testCase.EditLeadTest"/>
  <system-out/>
  <testcase name="runEditLead" time="48.182" classname="testCase.EditLeadTest"/>
  <system-out/>
</testsuite> <!-- testCase.EditLeadTest -->
