<?xml version="1.0" encoding="UTF-8"?>
<!-- Generated by org.testng.reporters.JUnitReportReporter -->
<testsuite skipped="0" hostname="Ria" name="testCase.DuplicateLeadTest" tests="2" failures="0" timestamp="2022-08-31T04:20:51 IST" time="77.447" errors="0">
  <testcase name="runDuplicateLead" time="36.316" classname="testCase.DuplicateLeadTest"/>
  <system-out/>
  <testcase name="runDuplicateLead" time="41.131" classname="testCase.DuplicateLeadTest"/>
  <system-out/>
</testsuite> <!-- testCase.DuplicateLeadTest -->
