<?xml version="1.0" encoding="UTF-8"?>
<!-- Generated by org.testng.reporters.JUnitReportReporter -->
<testsuite skipped="0" hostname="Ria" name="testCase.CreateLeadTest" tests="2" failures="0" timestamp="2022-08-31T04:20:51 IST" time="76.083" errors="0">
  <testcase name="runCreateLead" time="39.079" classname="testCase.CreateLeadTest"/>
  <system-out/>
  <testcase name="runCreateLead" time="37.004" classname="testCase.CreateLeadTest"/>
  <system-out/>
</testsuite> <!-- testCase.CreateLeadTest -->
